c:\users\patrick\desktop\qtguiapplication1\qtguiapplication1\debug\vc140.pdb
c:\users\patrick\desktop\qtguiapplication1\qtguiapplication1\debug\solve.obj
c:\users\patrick\desktop\qtguiapplication1\qtguiapplication1\debug\qtguiapplication1.obj
c:\users\patrick\desktop\qtguiapplication1\qtguiapplication1\debug\main.obj
c:\users\patrick\desktop\qtguiapplication1\qtguiapplication1\debug\moc_qtguiapplication1.obj
c:\users\patrick\desktop\qtguiapplication1\qtguiapplication1\debug\qrc_qtguiapplication1.obj
c:\users\patrick\desktop\qtguiapplication1\qtguiapplication1\generatedfiles\debug\moc_qtguiapplication1.cpp
c:\users\patrick\desktop\qtguiapplication1\qtguiapplication1\generatedfiles\ui_qtguiapplication1.h
c:\users\patrick\desktop\qtguiapplication1\qtguiapplication1\generatedfiles\qrc_qtguiapplication1.cpp
c:\users\patrick\desktop\qtguiapplication1\win32\debug\qtguiapplication1.ilk
c:\users\patrick\desktop\qtguiapplication1\win32\debug\qtguiapplication1.exe
c:\users\patrick\desktop\qtguiapplication1\win32\debug\qtguiapplication1.pdb
c:\users\patrick\desktop\qtguiapplication1\qtguiapplication1\debug\qtguiapp.b12702ad.tlog\cl.command.1.tlog
c:\users\patrick\desktop\qtguiapplication1\qtguiapplication1\debug\qtguiapp.b12702ad.tlog\cl.read.1.tlog
c:\users\patrick\desktop\qtguiapplication1\qtguiapplication1\debug\qtguiapp.b12702ad.tlog\cl.write.1.tlog
c:\users\patrick\desktop\qtguiapplication1\qtguiapplication1\debug\qtguiapp.b12702ad.tlog\custombuild.command.1.tlog
c:\users\patrick\desktop\qtguiapplication1\qtguiapplication1\debug\qtguiapp.b12702ad.tlog\custombuild.read.1.tlog
c:\users\patrick\desktop\qtguiapplication1\qtguiapplication1\debug\qtguiapp.b12702ad.tlog\custombuild.write.1.tlog
c:\users\patrick\desktop\qtguiapplication1\qtguiapplication1\debug\qtguiapp.b12702ad.tlog\link.command.1.tlog
c:\users\patrick\desktop\qtguiapplication1\qtguiapplication1\debug\qtguiapp.b12702ad.tlog\link.read.1.tlog
c:\users\patrick\desktop\qtguiapplication1\qtguiapplication1\debug\qtguiapp.b12702ad.tlog\link.write.1.tlog
